<?xml version="1.0" encoding="UTF-8"?>
<!-- Generated by org.testng.reporters.JUnitReportReporter -->
<testsuite hostname="Farzanas-MBP.fios-router.home" name="bdd.runners.RunnerClass" tests="1" failures="0" timestamp="23 Feb 2020 23:11:05 GMT" time="11.912" errors="0">
  <testcase name="feature" time="11.912" classname="bdd.runners.RunnerClass"/>
</testsuite> <!-- bdd.runners.RunnerClass -->
