<?xml version="1.0" encoding="UTF-8"?>
<!-- Generated by org.testng.reporters.JUnitReportReporter -->
<testsuite hostname="Farzanas-MBP" name="bdd.runners.RunnerClass" tests="1" failures="0" timestamp="24 Feb 2020 04:43:15 GMT" time="9.907" errors="0">
  <testcase name="feature" time="9.907" classname="bdd.runners.RunnerClass"/>
</testsuite> <!-- bdd.runners.RunnerClass -->
